<?xml version="1.0" encoding="UTF-8"?>
<!-- Generated by org.testng.reporters.JUnitXMLReporter -->
<testsuite hostname="DESKTOP-JEOUUQ7" ignored="0" name="Surefire test" tests="7" failures="0" timestamp="2021-07-23T21:10:21 AEST" time="0.048" errors="0">
  <testcase name="extractValuesFromLogFile" time="0.006" classname="loganalysis.AccessLogMapperTest"/>
  <testcase name="FindMostCommonIpAddressIntegrationTest" time="0.01" classname="loganalysis.LogCollectorTest"/>
  <testcase name="FindNumberOfUniqueIpAddresses" time="0.001" classname="loganalysis.LogCollectorTest"/>
  <testcase name="TopThreeIpAddressesFromFileIntegrationTest" time="0.002" classname="loganalysis.LogCollectorTest"/>
  <testcase name="TopThreeUrlsFromFileIntegrationTest" time="0.002" classname="loganalysis.LogCollectorTest"/>
  <testcase name="checkThatIPStatsAccumulate" time="0.0" classname="loganalysis.LogStatisticTest"/>
  <testcase name="checkThatURLStatsAccumulate" time="0.0" classname="loganalysis.LogStatisticTest"/>
</testsuite> <!-- Surefire test -->
