<?xml version="1.0" encoding="UTF-8"?>
<!-- Generated by org.testng.reporters.JUnitXMLReporter -->
<testsuite hostname="DESKTOP-JEOUUQ7" ignored="0" name="Surefire test" tests="5" failures="0" timestamp="2021-07-23T09:25:26 AEST" time="0.046" errors="0">
  <testcase name="FindMostCommonIpAddressIntegrationTest" time="0.015" classname="loganalysis.AppTest"/>
  <testcase name="FindNumberOfUniqueIpAddresses" time="0.002" classname="loganalysis.AppTest"/>
  <testcase name="TopThreeIpAddressesFromFileIntegrationTest" time="0.002" classname="loganalysis.AppTest"/>
  <testcase name="TopThreeUrlsFromFileIntegrationTest" time="0.003" classname="loganalysis.AppTest"/>
  <testcase name="extractValuesFromLogFile" time="0.0" classname="loganalysis.AppTest"/>
</testsuite> <!-- Surefire test -->
