<?xml version="1.0" encoding="UTF-8"?>
<testng-results skipped="0" failed="0" ignored="0" total="4" passed="4">
  <reporter-output>
  </reporter-output>
  <suite name="Surefire suite" duration-ms="45" started-at="2021-07-23T08:57:21 AEST" finished-at="2021-07-23T08:57:21 AEST">
    <groups>
    </groups>
    <test name="Surefire test" duration-ms="45" started-at="2021-07-23T08:57:21 AEST" finished-at="2021-07-23T08:57:21 AEST">
      <class name="loganalysis.AppTest">
        <test-method status="PASS" signature="setUp()[pri:0, instance:loganalysis.AppTest@598067a5]" name="setUp" is-config="true" duration-ms="4" started-at="2021-07-23T08:57:21 AEST" finished-at="2021-07-23T08:57:21 AEST">
          <reporter-output>
          </reporter-output>
        </test-method> <!-- setUp -->
        <test-method status="PASS" signature="FindMostCommonIpAddressIntegrationTest()[pri:0, instance:loganalysis.AppTest@598067a5]" name="FindMostCommonIpAddressIntegrationTest" duration-ms="13" started-at="2021-07-23T08:57:21 AEST" finished-at="2021-07-23T08:57:21 AEST">
          <reporter-output>
          </reporter-output>
        </test-method> <!-- FindMostCommonIpAddressIntegrationTest -->
        <test-method status="PASS" signature="setUp()[pri:0, instance:loganalysis.AppTest@598067a5]" name="setUp" is-config="true" duration-ms="0" started-at="2021-07-23T08:57:21 AEST" finished-at="2021-07-23T08:57:21 AEST">
          <reporter-output>
          </reporter-output>
        </test-method> <!-- setUp -->
        <test-method status="PASS" signature="TopThreeIpAddressesFromFileIntegrationTest()[pri:0, instance:loganalysis.AppTest@598067a5]" name="TopThreeIpAddressesFromFileIntegrationTest" duration-ms="2" started-at="2021-07-23T08:57:21 AEST" finished-at="2021-07-23T08:57:21 AEST">
          <reporter-output>
          </reporter-output>
        </test-method> <!-- TopThreeIpAddressesFromFileIntegrationTest -->
        <test-method status="PASS" signature="setUp()[pri:0, instance:loganalysis.AppTest@598067a5]" name="setUp" is-config="true" duration-ms="0" started-at="2021-07-23T08:57:21 AEST" finished-at="2021-07-23T08:57:21 AEST">
          <reporter-output>
          </reporter-output>
        </test-method> <!-- setUp -->
        <test-method status="PASS" signature="TopThreeUrlsFromFileIntegrationTest()[pri:0, instance:loganalysis.AppTest@598067a5]" name="TopThreeUrlsFromFileIntegrationTest" duration-ms="3" started-at="2021-07-23T08:57:21 AEST" finished-at="2021-07-23T08:57:21 AEST">
          <reporter-output>
          </reporter-output>
        </test-method> <!-- TopThreeUrlsFromFileIntegrationTest -->
        <test-method status="PASS" signature="extractValuesFromLogFile()[pri:0, instance:loganalysis.AppTest@598067a5]" name="extractValuesFromLogFile" duration-ms="0" started-at="2021-07-23T08:57:21 AEST" finished-at="2021-07-23T08:57:21 AEST">
          <reporter-output>
          </reporter-output>
        </test-method> <!-- extractValuesFromLogFile -->
        <test-method status="PASS" signature="setUp()[pri:0, instance:loganalysis.AppTest@598067a5]" name="setUp" is-config="true" duration-ms="0" started-at="2021-07-23T08:57:21 AEST" finished-at="2021-07-23T08:57:21 AEST">
          <reporter-output>
          </reporter-output>
        </test-method> <!-- setUp -->
      </class> <!-- loganalysis.AppTest -->
    </test> <!-- Surefire test -->
  </suite> <!-- Surefire suite -->
</testng-results>
